<?xml version="1.0" encoding="UTF-8"?>
<testsuite xmlns:xsi="http://www.w3.org/2001/XMLSchema-instance" xsi:noNamespaceSchemaLocation="https://maven.apache.org/surefire/maven-surefire-plugin/xsd/surefire-test-report.xsd" name="org.bulpros.peakwork.PeakworkApplicationTests" time="2.627" tests="1" errors="0" skipped="0" failures="0">
  <properties>
    <property name="sun.desktop" value="windows"/>
    <property name="awt.toolkit" value="sun.awt.windows.WToolkit"/>
    <property name="file.encoding.pkg" value="sun.io"/>
    <property name="java.specification.version" value="1.8"/>
    <property name="sun.cpu.isalist" value="amd64"/>
    <property name="sun.jnu.encoding" value="Cp1251"/>
    <property name="java.class.path" value="C:\Users\Stoyan.Dimitrov\Projects\Peakwork\peakwork\peakwork\target\test-classes;C:\Users\Stoyan.Dimitrov\Projects\Peakwork\peakwork\peakwork\target\classes;C:\Users\Stoyan.Dimitrov\.m2\repository\org\springframework\boot\spring-boot-starter\2.1.0.RELEASE\spring-boot-starter-2.1.0.RELEASE.jar;C:\Users\Stoyan.Dimitrov\.m2\repository\org\springframework\boot\spring-boot\2.1.0.RELEASE\spring-boot-2.1.0.RELEASE.jar;C:\Users\Stoyan.Dimitrov\.m2\repository\org\springframework\spring-context\5.1.2.RELEASE\spring-context-5.1.2.RELEASE.jar;C:\Users\Stoyan.Dimitrov\.m2\repository\org\springframework\boot\spring-boot-autoconfigure\2.1.0.RELEASE\spring-boot-autoconfigure-2.1.0.RELEASE.jar;C:\Users\Stoyan.Dimitrov\.m2\repository\org\springframework\boot\spring-boot-starter-logging\2.1.0.RELEASE\spring-boot-starter-logging-2.1.0.RELEASE.jar;C:\Users\Stoyan.Dimitrov\.m2\repository\ch\qos\logback\logback-classic\1.2.3\logback-classic-1.2.3.jar;C:\Users\Stoyan.Dimitrov\.m2\repository\ch\qos\logback\logback-core\1.2.3\logback-core-1.2.3.jar;C:\Users\Stoyan.Dimitrov\.m2\repository\org\apache\logging\log4j\log4j-to-slf4j\2.11.1\log4j-to-slf4j-2.11.1.jar;C:\Users\Stoyan.Dimitrov\.m2\repository\org\apache\logging\log4j\log4j-api\2.11.1\log4j-api-2.11.1.jar;C:\Users\Stoyan.Dimitrov\.m2\repository\org\slf4j\jul-to-slf4j\1.7.25\jul-to-slf4j-1.7.25.jar;C:\Users\Stoyan.Dimitrov\.m2\repository\javax\annotation\javax.annotation-api\1.3.2\javax.annotation-api-1.3.2.jar;C:\Users\Stoyan.Dimitrov\.m2\repository\org\springframework\spring-core\5.1.2.RELEASE\spring-core-5.1.2.RELEASE.jar;C:\Users\Stoyan.Dimitrov\.m2\repository\org\springframework\spring-jcl\5.1.2.RELEASE\spring-jcl-5.1.2.RELEASE.jar;C:\Users\Stoyan.Dimitrov\.m2\repository\org\yaml\snakeyaml\1.23\snakeyaml-1.23.jar;C:\Users\Stoyan.Dimitrov\.m2\repository\org\springframework\boot\spring-boot-starter-web\2.1.0.RELEASE\spring-boot-starter-web-2.1.0.RELEASE.jar;C:\Users\Stoyan.Dimitrov\.m2\repository\org\springframework\boot\spring-boot-starter-json\2.1.0.RELEASE\spring-boot-starter-json-2.1.0.RELEASE.jar;C:\Users\Stoyan.Dimitrov\.m2\repository\com\fasterxml\jackson\core\jackson-databind\2.9.7\jackson-databind-2.9.7.jar;C:\Users\Stoyan.Dimitrov\.m2\repository\com\fasterxml\jackson\core\jackson-core\2.9.7\jackson-core-2.9.7.jar;C:\Users\Stoyan.Dimitrov\.m2\repository\com\fasterxml\jackson\datatype\jackson-datatype-jdk8\2.9.7\jackson-datatype-jdk8-2.9.7.jar;C:\Users\Stoyan.Dimitrov\.m2\repository\com\fasterxml\jackson\datatype\jackson-datatype-jsr310\2.9.7\jackson-datatype-jsr310-2.9.7.jar;C:\Users\Stoyan.Dimitrov\.m2\repository\com\fasterxml\jackson\module\jackson-module-parameter-names\2.9.7\jackson-module-parameter-names-2.9.7.jar;C:\Users\Stoyan.Dimitrov\.m2\repository\org\springframework\boot\spring-boot-starter-tomcat\2.1.0.RELEASE\spring-boot-starter-tomcat-2.1.0.RELEASE.jar;C:\Users\Stoyan.Dimitrov\.m2\repository\org\apache\tomcat\embed\tomcat-embed-core\9.0.12\tomcat-embed-core-9.0.12.jar;C:\Users\Stoyan.Dimitrov\.m2\repository\org\apache\tomcat\embed\tomcat-embed-el\9.0.12\tomcat-embed-el-9.0.12.jar;C:\Users\Stoyan.Dimitrov\.m2\repository\org\apache\tomcat\embed\tomcat-embed-websocket\9.0.12\tomcat-embed-websocket-9.0.12.jar;C:\Users\Stoyan.Dimitrov\.m2\repository\org\hibernate\validator\hibernate-validator\6.0.13.Final\hibernate-validator-6.0.13.Final.jar;C:\Users\Stoyan.Dimitrov\.m2\repository\javax\validation\validation-api\2.0.1.Final\validation-api-2.0.1.Final.jar;C:\Users\Stoyan.Dimitrov\.m2\repository\org\jboss\logging\jboss-logging\3.3.2.Final\jboss-logging-3.3.2.Final.jar;C:\Users\Stoyan.Dimitrov\.m2\repository\com\fasterxml\classmate\1.4.0\classmate-1.4.0.jar;C:\Users\Stoyan.Dimitrov\.m2\repository\org\springframework\spring-web\5.1.2.RELEASE\spring-web-5.1.2.RELEASE.jar;C:\Users\Stoyan.Dimitrov\.m2\repository\org\springframework\spring-beans\5.1.2.RELEASE\spring-beans-5.1.2.RELEASE.jar;C:\Users\Stoyan.Dimitrov\.m2\repository\org\springframework\spring-webmvc\5.1.2.RELEASE\spring-webmvc-5.1.2.RELEASE.jar;C:\Users\Stoyan.Dimitrov\.m2\repository\org\springframework\spring-aop\5.1.2.RELEASE\spring-aop-5.1.2.RELEASE.jar;C:\Users\Stoyan.Dimitrov\.m2\repository\org\springframework\spring-expression\5.1.2.RELEASE\spring-expression-5.1.2.RELEASE.jar;C:\Users\Stoyan.Dimitrov\.m2\repository\org\springframework\boot\spring-boot-starter-test\2.1.0.RELEASE\spring-boot-starter-test-2.1.0.RELEASE.jar;C:\Users\Stoyan.Dimitrov\.m2\repository\org\springframework\boot\spring-boot-test\2.1.0.RELEASE\spring-boot-test-2.1.0.RELEASE.jar;C:\Users\Stoyan.Dimitrov\.m2\repository\org\springframework\boot\spring-boot-test-autoconfigure\2.1.0.RELEASE\spring-boot-test-autoconfigure-2.1.0.RELEASE.jar;C:\Users\Stoyan.Dimitrov\.m2\repository\com\jayway\jsonpath\json-path\2.4.0\json-path-2.4.0.jar;C:\Users\Stoyan.Dimitrov\.m2\repository\net\minidev\json-smart\2.3\json-smart-2.3.jar;C:\Users\Stoyan.Dimitrov\.m2\repository\net\minidev\accessors-smart\1.2\accessors-smart-1.2.jar;C:\Users\Stoyan.Dimitrov\.m2\repository\org\ow2\asm\asm\5.0.4\asm-5.0.4.jar;C:\Users\Stoyan.Dimitrov\.m2\repository\org\slf4j\slf4j-api\1.7.25\slf4j-api-1.7.25.jar;C:\Users\Stoyan.Dimitrov\.m2\repository\junit\junit\4.12\junit-4.12.jar;C:\Users\Stoyan.Dimitrov\.m2\repository\org\assertj\assertj-core\3.11.1\assertj-core-3.11.1.jar;C:\Users\Stoyan.Dimitrov\.m2\repository\org\mockito\mockito-core\2.23.0\mockito-core-2.23.0.jar;C:\Users\Stoyan.Dimitrov\.m2\repository\net\bytebuddy\byte-buddy\1.9.3\byte-buddy-1.9.3.jar;C:\Users\Stoyan.Dimitrov\.m2\repository\net\bytebuddy\byte-buddy-agent\1.9.3\byte-buddy-agent-1.9.3.jar;C:\Users\Stoyan.Dimitrov\.m2\repository\org\objenesis\objenesis\2.6\objenesis-2.6.jar;C:\Users\Stoyan.Dimitrov\.m2\repository\org\hamcrest\hamcrest-core\1.3\hamcrest-core-1.3.jar;C:\Users\Stoyan.Dimitrov\.m2\repository\org\hamcrest\hamcrest-library\1.3\hamcrest-library-1.3.jar;C:\Users\Stoyan.Dimitrov\.m2\repository\org\skyscreamer\jsonassert\1.5.0\jsonassert-1.5.0.jar;C:\Users\Stoyan.Dimitrov\.m2\repository\com\vaadin\external\google\android-json\0.0.20131108.vaadin1\android-json-0.0.20131108.vaadin1.jar;C:\Users\Stoyan.Dimitrov\.m2\repository\org\springframework\spring-test\5.1.2.RELEASE\spring-test-5.1.2.RELEASE.jar;C:\Users\Stoyan.Dimitrov\.m2\repository\org\xmlunit\xmlunit-core\2.6.2\xmlunit-core-2.6.2.jar;C:\Users\Stoyan.Dimitrov\.m2\repository\pl\zankowski\iextrading4j-all\2.2.5\iextrading4j-all-2.2.5.jar;C:\Users\Stoyan.Dimitrov\.m2\repository\pl\zankowski\iextrading4j-api\2.2.5\iextrading4j-api-2.2.5.jar;C:\Users\Stoyan.Dimitrov\.m2\repository\com\fasterxml\jackson\core\jackson-annotations\2.9.0\jackson-annotations-2.9.0.jar;C:\Users\Stoyan.Dimitrov\.m2\repository\com\google\guava\guava\25.1-jre\guava-25.1-jre.jar;C:\Users\Stoyan.Dimitrov\.m2\repository\org\checkerframework\checker-qual\2.0.0\checker-qual-2.0.0.jar;C:\Users\Stoyan.Dimitrov\.m2\repository\com\google\j2objc\j2objc-annotations\1.1\j2objc-annotations-1.1.jar;C:\Users\Stoyan.Dimitrov\.m2\repository\org\codehaus\mojo\animal-sniffer-annotations\1.14\animal-sniffer-annotations-1.14.jar;C:\Users\Stoyan.Dimitrov\.m2\repository\pl\zankowski\iextrading4j-client\2.2.5\iextrading4j-client-2.2.5.jar;C:\Users\Stoyan.Dimitrov\.m2\repository\javax\ws\rs\javax.ws.rs-api\2.1\javax.ws.rs-api-2.1.jar;C:\Users\Stoyan.Dimitrov\.m2\repository\org\glassfish\jersey\core\jersey-client\2.27\jersey-client-2.27.jar;C:\Users\Stoyan.Dimitrov\.m2\repository\org\glassfish\jersey\core\jersey-common\2.27\jersey-common-2.27.jar;C:\Users\Stoyan.Dimitrov\.m2\repository\org\glassfish\hk2\osgi-resource-locator\1.0.1\osgi-resource-locator-1.0.1.jar;C:\Users\Stoyan.Dimitrov\.m2\repository\org\glassfish\hk2\external\javax.inject\2.5.0-b42\javax.inject-2.5.0-b42.jar;C:\Users\Stoyan.Dimitrov\.m2\repository\org\glassfish\jersey\inject\jersey-hk2\2.27\jersey-hk2-2.27.jar;C:\Users\Stoyan.Dimitrov\.m2\repository\org\glassfish\hk2\hk2-locator\2.5.0-b42\hk2-locator-2.5.0-b42.jar;C:\Users\Stoyan.Dimitrov\.m2\repository\org\glassfish\hk2\external\aopalliance-repackaged\2.5.0-b42\aopalliance-repackaged-2.5.0-b42.jar;C:\Users\Stoyan.Dimitrov\.m2\repository\org\glassfish\hk2\hk2-api\2.5.0-b42\hk2-api-2.5.0-b42.jar;C:\Users\Stoyan.Dimitrov\.m2\repository\javax\inject\javax.inject\1\javax.inject-1.jar;C:\Users\Stoyan.Dimitrov\.m2\repository\org\glassfish\hk2\hk2-utils\2.5.0-b42\hk2-utils-2.5.0-b42.jar;C:\Users\Stoyan.Dimitrov\.m2\repository\org\javassist\javassist\3.22.0-CR2\javassist-3.22.0-CR2.jar;C:\Users\Stoyan.Dimitrov\.m2\repository\org\glassfish\jersey\media\jersey-media-json-jackson\2.27\jersey-media-json-jackson-2.27.jar;C:\Users\Stoyan.Dimitrov\.m2\repository\org\glassfish\jersey\ext\jersey-entity-filtering\2.27\jersey-entity-filtering-2.27.jar;C:\Users\Stoyan.Dimitrov\.m2\repository\com\fasterxml\jackson\module\jackson-module-jaxb-annotations\2.9.7\jackson-module-jaxb-annotations-2.9.7.jar;C:\Users\Stoyan.Dimitrov\.m2\repository\io\socket\socket.io-client\1.0.0\socket.io-client-1.0.0.jar;C:\Users\Stoyan.Dimitrov\.m2\repository\io\socket\engine.io-client\1.0.0\engine.io-client-1.0.0.jar;C:\Users\Stoyan.Dimitrov\.m2\repository\com\squareup\okhttp3\okhttp\3.8.1\okhttp-3.8.1.jar;C:\Users\Stoyan.Dimitrov\.m2\repository\com\squareup\okio\okio\1.13.0\okio-1.13.0.jar;C:\Users\Stoyan.Dimitrov\.m2\repository\org\json\json\20090211\json-20090211.jar;C:\Users\Stoyan.Dimitrov\.m2\repository\javax\xml\bind\jaxb-api\2.3.1\jaxb-api-2.3.1.jar;C:\Users\Stoyan.Dimitrov\.m2\repository\javax\activation\javax.activation-api\1.2.0\javax.activation-api-1.2.0.jar;C:\Users\Stoyan.Dimitrov\.m2\repository\com\sun\xml\bind\jaxb-impl\2.3.0\jaxb-impl-2.3.0.jar;C:\Users\Stoyan.Dimitrov\.m2\repository\org\glassfish\jaxb\jaxb-runtime\2.3.1\jaxb-runtime-2.3.1.jar;C:\Users\Stoyan.Dimitrov\.m2\repository\org\glassfish\jaxb\txw2\2.3.1\txw2-2.3.1.jar;C:\Users\Stoyan.Dimitrov\.m2\repository\com\sun\istack\istack-commons-runtime\3.0.7\istack-commons-runtime-3.0.7.jar;C:\Users\Stoyan.Dimitrov\.m2\repository\org\jvnet\staxex\stax-ex\1.8\stax-ex-1.8.jar;C:\Users\Stoyan.Dimitrov\.m2\repository\com\sun\xml\fastinfoset\FastInfoset\1.2.15\FastInfoset-1.2.15.jar;C:\Users\Stoyan.Dimitrov\.m2\repository\javax\activation\activation\1.1.1\activation-1.1.1.jar;C:\Users\Stoyan.Dimitrov\.m2\repository\com\google\cloud\google-cloud-storage\1.48.0\google-cloud-storage-1.48.0.jar;C:\Users\Stoyan.Dimitrov\.m2\repository\com\google\cloud\google-cloud-core\1.48.0\google-cloud-core-1.48.0.jar;C:\Users\Stoyan.Dimitrov\.m2\repository\joda-time\joda-time\2.10.1\joda-time-2.10.1.jar;C:\Users\Stoyan.Dimitrov\.m2\repository\com\google\http-client\google-http-client\1.24.1\google-http-client-1.24.1.jar;C:\Users\Stoyan.Dimitrov\.m2\repository\org\apache\httpcomponents\httpclient\4.5.6\httpclient-4.5.6.jar;C:\Users\Stoyan.Dimitrov\.m2\repository\org\apache\httpcomponents\httpcore\4.4.10\httpcore-4.4.10.jar;C:\Users\Stoyan.Dimitrov\.m2\repository\commons-codec\commons-codec\1.11\commons-codec-1.11.jar;C:\Users\Stoyan.Dimitrov\.m2\repository\com\google\code\findbugs\jsr305\3.0.2\jsr305-3.0.2.jar;C:\Users\Stoyan.Dimitrov\.m2\repository\com\google\api\api-common\1.7.0\api-common-1.7.0.jar;C:\Users\Stoyan.Dimitrov\.m2\repository\com\google\api\gax\1.32.0\gax-1.32.0.jar;C:\Users\Stoyan.Dimitrov\.m2\repository\org\threeten\threetenbp\1.3.3\threetenbp-1.3.3.jar;C:\Users\Stoyan.Dimitrov\.m2\repository\com\google\protobuf\protobuf-java-util\3.6.1\protobuf-java-util-3.6.1.jar;C:\Users\Stoyan.Dimitrov\.m2\repository\com\google\api\grpc\proto-google-common-protos\1.12.0\proto-google-common-protos-1.12.0.jar;C:\Users\Stoyan.Dimitrov\.m2\repository\com\google\api\grpc\proto-google-iam-v1\0.12.0\proto-google-iam-v1-0.12.0.jar;C:\Users\Stoyan.Dimitrov\.m2\repository\com\google\cloud\google-cloud-core-http\1.48.0\google-cloud-core-http-1.48.0.jar;C:\Users\Stoyan.Dimitrov\.m2\repository\com\google\auth\google-auth-library-credentials\0.11.0\google-auth-library-credentials-0.11.0.jar;C:\Users\Stoyan.Dimitrov\.m2\repository\com\google\auth\google-auth-library-oauth2-http\0.11.0\google-auth-library-oauth2-http-0.11.0.jar;C:\Users\Stoyan.Dimitrov\.m2\repository\com\google\oauth-client\google-oauth-client\1.24.1\google-oauth-client-1.24.1.jar;C:\Users\Stoyan.Dimitrov\.m2\repository\com\google\api-client\google-api-client\1.24.1\google-api-client-1.24.1.jar;C:\Users\Stoyan.Dimitrov\.m2\repository\com\google\http-client\google-http-client-appengine\1.24.1\google-http-client-appengine-1.24.1.jar;C:\Users\Stoyan.Dimitrov\.m2\repository\com\google\http-client\google-http-client-jackson2\1.24.1\google-http-client-jackson2-1.24.1.jar;C:\Users\Stoyan.Dimitrov\.m2\repository\com\google\api\gax-httpjson\0.49.0\gax-httpjson-0.49.0.jar;C:\Users\Stoyan.Dimitrov\.m2\repository\io\opencensus\opencensus-api\0.15.0\opencensus-api-0.15.0.jar;C:\Users\Stoyan.Dimitrov\.m2\repository\io\opencensus\opencensus-contrib-http-util\0.15.0\opencensus-contrib-http-util-0.15.0.jar;C:\Users\Stoyan.Dimitrov\.m2\repository\com\google\apis\google-api-services-storage\v1-rev135-1.24.1\google-api-services-storage-v1-rev135-1.24.1.jar;C:\Users\Stoyan.Dimitrov\.m2\repository\com\google\cloud\google-cloud-datastore\1.48.0\google-cloud-datastore-1.48.0.jar;C:\Users\Stoyan.Dimitrov\.m2\repository\com\google\api\grpc\proto-google-cloud-datastore-v1\0.31.0\proto-google-cloud-datastore-v1-0.31.0.jar;C:\Users\Stoyan.Dimitrov\.m2\repository\com\google\protobuf\protobuf-java\3.6.1\protobuf-java-3.6.1.jar;C:\Users\Stoyan.Dimitrov\.m2\repository\com\google\cloud\datastore\datastore-v1-proto-client\1.6.0\datastore-v1-proto-client-1.6.0.jar;C:\Users\Stoyan.Dimitrov\.m2\repository\com\google\http-client\google-http-client-protobuf\1.20.0\google-http-client-protobuf-1.20.0.jar;C:\Users\Stoyan.Dimitrov\.m2\repository\com\google\http-client\google-http-client-jackson\1.20.0\google-http-client-jackson-1.20.0.jar;C:\Users\Stoyan.Dimitrov\.m2\repository\org\codehaus\jackson\jackson-core-asl\1.9.11\jackson-core-asl-1.9.11.jar;C:\Users\Stoyan.Dimitrov\.m2\repository\io\grpc\grpc-core\1.13.1\grpc-core-1.13.1.jar;C:\Users\Stoyan.Dimitrov\.m2\repository\io\grpc\grpc-context\1.13.1\grpc-context-1.13.1.jar;C:\Users\Stoyan.Dimitrov\.m2\repository\com\google\code\gson\gson\2.8.5\gson-2.8.5.jar;C:\Users\Stoyan.Dimitrov\.m2\repository\com\google\errorprone\error_prone_annotations\2.1.2\error_prone_annotations-2.1.2.jar;C:\Users\Stoyan.Dimitrov\.m2\repository\io\opencensus\opencensus-contrib-grpc-metrics\0.12.3\opencensus-contrib-grpc-metrics-0.12.3.jar;C:\Users\Stoyan.Dimitrov\.m2\repository\org\projectlombok\lombok\1.18.2\lombok-1.18.2.jar;"/>
    <property name="java.vm.vendor" value="Oracle Corporation"/>
    <property name="sun.arch.data.model" value="64"/>
    <property name="user.variant" value=""/>
    <property name="java.vendor.url" value="http://java.oracle.com/"/>
    <property name="user.timezone" value="Europe/Helsinki"/>
    <property name="user.country.format" value="BG"/>
    <property name="java.vm.specification.version" value="1.8"/>
    <property name="os.name" value="Windows 10"/>
    <property name="user.country" value="US"/>
    <property name="sun.java.launcher" value="SUN_STANDARD"/>
    <property name="sun.boot.library.path" value="C:\Program Files\Java\jdk1.8.0_191\jre\bin"/>
    <property name="sun.java.command" value="C:\Users\STOYAN~1.DIM\AppData\Local\Temp\surefire702902580775617446\surefirebooter8677899786582572917.jar C:\Users\Stoyan.Dimitrov\AppData\Local\Temp\surefire702902580775617446 2018-11-03T18-15-44_671-jvmRun1 surefire2192338398785639496tmp surefire_02773744134409230549tmp"/>
    <property name="surefire.test.class.path" value="C:\Users\Stoyan.Dimitrov\Projects\Peakwork\peakwork\peakwork\target\test-classes;C:\Users\Stoyan.Dimitrov\Projects\Peakwork\peakwork\peakwork\target\classes;C:\Users\Stoyan.Dimitrov\.m2\repository\org\springframework\boot\spring-boot-starter\2.1.0.RELEASE\spring-boot-starter-2.1.0.RELEASE.jar;C:\Users\Stoyan.Dimitrov\.m2\repository\org\springframework\boot\spring-boot\2.1.0.RELEASE\spring-boot-2.1.0.RELEASE.jar;C:\Users\Stoyan.Dimitrov\.m2\repository\org\springframework\spring-context\5.1.2.RELEASE\spring-context-5.1.2.RELEASE.jar;C:\Users\Stoyan.Dimitrov\.m2\repository\org\springframework\boot\spring-boot-autoconfigure\2.1.0.RELEASE\spring-boot-autoconfigure-2.1.0.RELEASE.jar;C:\Users\Stoyan.Dimitrov\.m2\repository\org\springframework\boot\spring-boot-starter-logging\2.1.0.RELEASE\spring-boot-starter-logging-2.1.0.RELEASE.jar;C:\Users\Stoyan.Dimitrov\.m2\repository\ch\qos\logback\logback-classic\1.2.3\logback-classic-1.2.3.jar;C:\Users\Stoyan.Dimitrov\.m2\repository\ch\qos\logback\logback-core\1.2.3\logback-core-1.2.3.jar;C:\Users\Stoyan.Dimitrov\.m2\repository\org\apache\logging\log4j\log4j-to-slf4j\2.11.1\log4j-to-slf4j-2.11.1.jar;C:\Users\Stoyan.Dimitrov\.m2\repository\org\apache\logging\log4j\log4j-api\2.11.1\log4j-api-2.11.1.jar;C:\Users\Stoyan.Dimitrov\.m2\repository\org\slf4j\jul-to-slf4j\1.7.25\jul-to-slf4j-1.7.25.jar;C:\Users\Stoyan.Dimitrov\.m2\repository\javax\annotation\javax.annotation-api\1.3.2\javax.annotation-api-1.3.2.jar;C:\Users\Stoyan.Dimitrov\.m2\repository\org\springframework\spring-core\5.1.2.RELEASE\spring-core-5.1.2.RELEASE.jar;C:\Users\Stoyan.Dimitrov\.m2\repository\org\springframework\spring-jcl\5.1.2.RELEASE\spring-jcl-5.1.2.RELEASE.jar;C:\Users\Stoyan.Dimitrov\.m2\repository\org\yaml\snakeyaml\1.23\snakeyaml-1.23.jar;C:\Users\Stoyan.Dimitrov\.m2\repository\org\springframework\boot\spring-boot-starter-web\2.1.0.RELEASE\spring-boot-starter-web-2.1.0.RELEASE.jar;C:\Users\Stoyan.Dimitrov\.m2\repository\org\springframework\boot\spring-boot-starter-json\2.1.0.RELEASE\spring-boot-starter-json-2.1.0.RELEASE.jar;C:\Users\Stoyan.Dimitrov\.m2\repository\com\fasterxml\jackson\core\jackson-databind\2.9.7\jackson-databind-2.9.7.jar;C:\Users\Stoyan.Dimitrov\.m2\repository\com\fasterxml\jackson\core\jackson-core\2.9.7\jackson-core-2.9.7.jar;C:\Users\Stoyan.Dimitrov\.m2\repository\com\fasterxml\jackson\datatype\jackson-datatype-jdk8\2.9.7\jackson-datatype-jdk8-2.9.7.jar;C:\Users\Stoyan.Dimitrov\.m2\repository\com\fasterxml\jackson\datatype\jackson-datatype-jsr310\2.9.7\jackson-datatype-jsr310-2.9.7.jar;C:\Users\Stoyan.Dimitrov\.m2\repository\com\fasterxml\jackson\module\jackson-module-parameter-names\2.9.7\jackson-module-parameter-names-2.9.7.jar;C:\Users\Stoyan.Dimitrov\.m2\repository\org\springframework\boot\spring-boot-starter-tomcat\2.1.0.RELEASE\spring-boot-starter-tomcat-2.1.0.RELEASE.jar;C:\Users\Stoyan.Dimitrov\.m2\repository\org\apache\tomcat\embed\tomcat-embed-core\9.0.12\tomcat-embed-core-9.0.12.jar;C:\Users\Stoyan.Dimitrov\.m2\repository\org\apache\tomcat\embed\tomcat-embed-el\9.0.12\tomcat-embed-el-9.0.12.jar;C:\Users\Stoyan.Dimitrov\.m2\repository\org\apache\tomcat\embed\tomcat-embed-websocket\9.0.12\tomcat-embed-websocket-9.0.12.jar;C:\Users\Stoyan.Dimitrov\.m2\repository\org\hibernate\validator\hibernate-validator\6.0.13.Final\hibernate-validator-6.0.13.Final.jar;C:\Users\Stoyan.Dimitrov\.m2\repository\javax\validation\validation-api\2.0.1.Final\validation-api-2.0.1.Final.jar;C:\Users\Stoyan.Dimitrov\.m2\repository\org\jboss\logging\jboss-logging\3.3.2.Final\jboss-logging-3.3.2.Final.jar;C:\Users\Stoyan.Dimitrov\.m2\repository\com\fasterxml\classmate\1.4.0\classmate-1.4.0.jar;C:\Users\Stoyan.Dimitrov\.m2\repository\org\springframework\spring-web\5.1.2.RELEASE\spring-web-5.1.2.RELEASE.jar;C:\Users\Stoyan.Dimitrov\.m2\repository\org\springframework\spring-beans\5.1.2.RELEASE\spring-beans-5.1.2.RELEASE.jar;C:\Users\Stoyan.Dimitrov\.m2\repository\org\springframework\spring-webmvc\5.1.2.RELEASE\spring-webmvc-5.1.2.RELEASE.jar;C:\Users\Stoyan.Dimitrov\.m2\repository\org\springframework\spring-aop\5.1.2.RELEASE\spring-aop-5.1.2.RELEASE.jar;C:\Users\Stoyan.Dimitrov\.m2\repository\org\springframework\spring-expression\5.1.2.RELEASE\spring-expression-5.1.2.RELEASE.jar;C:\Users\Stoyan.Dimitrov\.m2\repository\org\springframework\boot\spring-boot-starter-test\2.1.0.RELEASE\spring-boot-starter-test-2.1.0.RELEASE.jar;C:\Users\Stoyan.Dimitrov\.m2\repository\org\springframework\boot\spring-boot-test\2.1.0.RELEASE\spring-boot-test-2.1.0.RELEASE.jar;C:\Users\Stoyan.Dimitrov\.m2\repository\org\springframework\boot\spring-boot-test-autoconfigure\2.1.0.RELEASE\spring-boot-test-autoconfigure-2.1.0.RELEASE.jar;C:\Users\Stoyan.Dimitrov\.m2\repository\com\jayway\jsonpath\json-path\2.4.0\json-path-2.4.0.jar;C:\Users\Stoyan.Dimitrov\.m2\repository\net\minidev\json-smart\2.3\json-smart-2.3.jar;C:\Users\Stoyan.Dimitrov\.m2\repository\net\minidev\accessors-smart\1.2\accessors-smart-1.2.jar;C:\Users\Stoyan.Dimitrov\.m2\repository\org\ow2\asm\asm\5.0.4\asm-5.0.4.jar;C:\Users\Stoyan.Dimitrov\.m2\repository\org\slf4j\slf4j-api\1.7.25\slf4j-api-1.7.25.jar;C:\Users\Stoyan.Dimitrov\.m2\repository\junit\junit\4.12\junit-4.12.jar;C:\Users\Stoyan.Dimitrov\.m2\repository\org\assertj\assertj-core\3.11.1\assertj-core-3.11.1.jar;C:\Users\Stoyan.Dimitrov\.m2\repository\org\mockito\mockito-core\2.23.0\mockito-core-2.23.0.jar;C:\Users\Stoyan.Dimitrov\.m2\repository\net\bytebuddy\byte-buddy\1.9.3\byte-buddy-1.9.3.jar;C:\Users\Stoyan.Dimitrov\.m2\repository\net\bytebuddy\byte-buddy-agent\1.9.3\byte-buddy-agent-1.9.3.jar;C:\Users\Stoyan.Dimitrov\.m2\repository\org\objenesis\objenesis\2.6\objenesis-2.6.jar;C:\Users\Stoyan.Dimitrov\.m2\repository\org\hamcrest\hamcrest-core\1.3\hamcrest-core-1.3.jar;C:\Users\Stoyan.Dimitrov\.m2\repository\org\hamcrest\hamcrest-library\1.3\hamcrest-library-1.3.jar;C:\Users\Stoyan.Dimitrov\.m2\repository\org\skyscreamer\jsonassert\1.5.0\jsonassert-1.5.0.jar;C:\Users\Stoyan.Dimitrov\.m2\repository\com\vaadin\external\google\android-json\0.0.20131108.vaadin1\android-json-0.0.20131108.vaadin1.jar;C:\Users\Stoyan.Dimitrov\.m2\repository\org\springframework\spring-test\5.1.2.RELEASE\spring-test-5.1.2.RELEASE.jar;C:\Users\Stoyan.Dimitrov\.m2\repository\org\xmlunit\xmlunit-core\2.6.2\xmlunit-core-2.6.2.jar;C:\Users\Stoyan.Dimitrov\.m2\repository\pl\zankowski\iextrading4j-all\2.2.5\iextrading4j-all-2.2.5.jar;C:\Users\Stoyan.Dimitrov\.m2\repository\pl\zankowski\iextrading4j-api\2.2.5\iextrading4j-api-2.2.5.jar;C:\Users\Stoyan.Dimitrov\.m2\repository\com\fasterxml\jackson\core\jackson-annotations\2.9.0\jackson-annotations-2.9.0.jar;C:\Users\Stoyan.Dimitrov\.m2\repository\com\google\guava\guava\25.1-jre\guava-25.1-jre.jar;C:\Users\Stoyan.Dimitrov\.m2\repository\org\checkerframework\checker-qual\2.0.0\checker-qual-2.0.0.jar;C:\Users\Stoyan.Dimitrov\.m2\repository\com\google\j2objc\j2objc-annotations\1.1\j2objc-annotations-1.1.jar;C:\Users\Stoyan.Dimitrov\.m2\repository\org\codehaus\mojo\animal-sniffer-annotations\1.14\animal-sniffer-annotations-1.14.jar;C:\Users\Stoyan.Dimitrov\.m2\repository\pl\zankowski\iextrading4j-client\2.2.5\iextrading4j-client-2.2.5.jar;C:\Users\Stoyan.Dimitrov\.m2\repository\javax\ws\rs\javax.ws.rs-api\2.1\javax.ws.rs-api-2.1.jar;C:\Users\Stoyan.Dimitrov\.m2\repository\org\glassfish\jersey\core\jersey-client\2.27\jersey-client-2.27.jar;C:\Users\Stoyan.Dimitrov\.m2\repository\org\glassfish\jersey\core\jersey-common\2.27\jersey-common-2.27.jar;C:\Users\Stoyan.Dimitrov\.m2\repository\org\glassfish\hk2\osgi-resource-locator\1.0.1\osgi-resource-locator-1.0.1.jar;C:\Users\Stoyan.Dimitrov\.m2\repository\org\glassfish\hk2\external\javax.inject\2.5.0-b42\javax.inject-2.5.0-b42.jar;C:\Users\Stoyan.Dimitrov\.m2\repository\org\glassfish\jersey\inject\jersey-hk2\2.27\jersey-hk2-2.27.jar;C:\Users\Stoyan.Dimitrov\.m2\repository\org\glassfish\hk2\hk2-locator\2.5.0-b42\hk2-locator-2.5.0-b42.jar;C:\Users\Stoyan.Dimitrov\.m2\repository\org\glassfish\hk2\external\aopalliance-repackaged\2.5.0-b42\aopalliance-repackaged-2.5.0-b42.jar;C:\Users\Stoyan.Dimitrov\.m2\repository\org\glassfish\hk2\hk2-api\2.5.0-b42\hk2-api-2.5.0-b42.jar;C:\Users\Stoyan.Dimitrov\.m2\repository\javax\inject\javax.inject\1\javax.inject-1.jar;C:\Users\Stoyan.Dimitrov\.m2\repository\org\glassfish\hk2\hk2-utils\2.5.0-b42\hk2-utils-2.5.0-b42.jar;C:\Users\Stoyan.Dimitrov\.m2\repository\org\javassist\javassist\3.22.0-CR2\javassist-3.22.0-CR2.jar;C:\Users\Stoyan.Dimitrov\.m2\repository\org\glassfish\jersey\media\jersey-media-json-jackson\2.27\jersey-media-json-jackson-2.27.jar;C:\Users\Stoyan.Dimitrov\.m2\repository\org\glassfish\jersey\ext\jersey-entity-filtering\2.27\jersey-entity-filtering-2.27.jar;C:\Users\Stoyan.Dimitrov\.m2\repository\com\fasterxml\jackson\module\jackson-module-jaxb-annotations\2.9.7\jackson-module-jaxb-annotations-2.9.7.jar;C:\Users\Stoyan.Dimitrov\.m2\repository\io\socket\socket.io-client\1.0.0\socket.io-client-1.0.0.jar;C:\Users\Stoyan.Dimitrov\.m2\repository\io\socket\engine.io-client\1.0.0\engine.io-client-1.0.0.jar;C:\Users\Stoyan.Dimitrov\.m2\repository\com\squareup\okhttp3\okhttp\3.8.1\okhttp-3.8.1.jar;C:\Users\Stoyan.Dimitrov\.m2\repository\com\squareup\okio\okio\1.13.0\okio-1.13.0.jar;C:\Users\Stoyan.Dimitrov\.m2\repository\org\json\json\20090211\json-20090211.jar;C:\Users\Stoyan.Dimitrov\.m2\repository\javax\xml\bind\jaxb-api\2.3.1\jaxb-api-2.3.1.jar;C:\Users\Stoyan.Dimitrov\.m2\repository\javax\activation\javax.activation-api\1.2.0\javax.activation-api-1.2.0.jar;C:\Users\Stoyan.Dimitrov\.m2\repository\com\sun\xml\bind\jaxb-impl\2.3.0\jaxb-impl-2.3.0.jar;C:\Users\Stoyan.Dimitrov\.m2\repository\org\glassfish\jaxb\jaxb-runtime\2.3.1\jaxb-runtime-2.3.1.jar;C:\Users\Stoyan.Dimitrov\.m2\repository\org\glassfish\jaxb\txw2\2.3.1\txw2-2.3.1.jar;C:\Users\Stoyan.Dimitrov\.m2\repository\com\sun\istack\istack-commons-runtime\3.0.7\istack-commons-runtime-3.0.7.jar;C:\Users\Stoyan.Dimitrov\.m2\repository\org\jvnet\staxex\stax-ex\1.8\stax-ex-1.8.jar;C:\Users\Stoyan.Dimitrov\.m2\repository\com\sun\xml\fastinfoset\FastInfoset\1.2.15\FastInfoset-1.2.15.jar;C:\Users\Stoyan.Dimitrov\.m2\repository\javax\activation\activation\1.1.1\activation-1.1.1.jar;C:\Users\Stoyan.Dimitrov\.m2\repository\com\google\cloud\google-cloud-storage\1.48.0\google-cloud-storage-1.48.0.jar;C:\Users\Stoyan.Dimitrov\.m2\repository\com\google\cloud\google-cloud-core\1.48.0\google-cloud-core-1.48.0.jar;C:\Users\Stoyan.Dimitrov\.m2\repository\joda-time\joda-time\2.10.1\joda-time-2.10.1.jar;C:\Users\Stoyan.Dimitrov\.m2\repository\com\google\http-client\google-http-client\1.24.1\google-http-client-1.24.1.jar;C:\Users\Stoyan.Dimitrov\.m2\repository\org\apache\httpcomponents\httpclient\4.5.6\httpclient-4.5.6.jar;C:\Users\Stoyan.Dimitrov\.m2\repository\org\apache\httpcomponents\httpcore\4.4.10\httpcore-4.4.10.jar;C:\Users\Stoyan.Dimitrov\.m2\repository\commons-codec\commons-codec\1.11\commons-codec-1.11.jar;C:\Users\Stoyan.Dimitrov\.m2\repository\com\google\code\findbugs\jsr305\3.0.2\jsr305-3.0.2.jar;C:\Users\Stoyan.Dimitrov\.m2\repository\com\google\api\api-common\1.7.0\api-common-1.7.0.jar;C:\Users\Stoyan.Dimitrov\.m2\repository\com\google\api\gax\1.32.0\gax-1.32.0.jar;C:\Users\Stoyan.Dimitrov\.m2\repository\org\threeten\threetenbp\1.3.3\threetenbp-1.3.3.jar;C:\Users\Stoyan.Dimitrov\.m2\repository\com\google\protobuf\protobuf-java-util\3.6.1\protobuf-java-util-3.6.1.jar;C:\Users\Stoyan.Dimitrov\.m2\repository\com\google\api\grpc\proto-google-common-protos\1.12.0\proto-google-common-protos-1.12.0.jar;C:\Users\Stoyan.Dimitrov\.m2\repository\com\google\api\grpc\proto-google-iam-v1\0.12.0\proto-google-iam-v1-0.12.0.jar;C:\Users\Stoyan.Dimitrov\.m2\repository\com\google\cloud\google-cloud-core-http\1.48.0\google-cloud-core-http-1.48.0.jar;C:\Users\Stoyan.Dimitrov\.m2\repository\com\google\auth\google-auth-library-credentials\0.11.0\google-auth-library-credentials-0.11.0.jar;C:\Users\Stoyan.Dimitrov\.m2\repository\com\google\auth\google-auth-library-oauth2-http\0.11.0\google-auth-library-oauth2-http-0.11.0.jar;C:\Users\Stoyan.Dimitrov\.m2\repository\com\google\oauth-client\google-oauth-client\1.24.1\google-oauth-client-1.24.1.jar;C:\Users\Stoyan.Dimitrov\.m2\repository\com\google\api-client\google-api-client\1.24.1\google-api-client-1.24.1.jar;C:\Users\Stoyan.Dimitrov\.m2\repository\com\google\http-client\google-http-client-appengine\1.24.1\google-http-client-appengine-1.24.1.jar;C:\Users\Stoyan.Dimitrov\.m2\repository\com\google\http-client\google-http-client-jackson2\1.24.1\google-http-client-jackson2-1.24.1.jar;C:\Users\Stoyan.Dimitrov\.m2\repository\com\google\api\gax-httpjson\0.49.0\gax-httpjson-0.49.0.jar;C:\Users\Stoyan.Dimitrov\.m2\repository\io\opencensus\opencensus-api\0.15.0\opencensus-api-0.15.0.jar;C:\Users\Stoyan.Dimitrov\.m2\repository\io\opencensus\opencensus-contrib-http-util\0.15.0\opencensus-contrib-http-util-0.15.0.jar;C:\Users\Stoyan.Dimitrov\.m2\repository\com\google\apis\google-api-services-storage\v1-rev135-1.24.1\google-api-services-storage-v1-rev135-1.24.1.jar;C:\Users\Stoyan.Dimitrov\.m2\repository\com\google\cloud\google-cloud-datastore\1.48.0\google-cloud-datastore-1.48.0.jar;C:\Users\Stoyan.Dimitrov\.m2\repository\com\google\api\grpc\proto-google-cloud-datastore-v1\0.31.0\proto-google-cloud-datastore-v1-0.31.0.jar;C:\Users\Stoyan.Dimitrov\.m2\repository\com\google\protobuf\protobuf-java\3.6.1\protobuf-java-3.6.1.jar;C:\Users\Stoyan.Dimitrov\.m2\repository\com\google\cloud\datastore\datastore-v1-proto-client\1.6.0\datastore-v1-proto-client-1.6.0.jar;C:\Users\Stoyan.Dimitrov\.m2\repository\com\google\http-client\google-http-client-protobuf\1.20.0\google-http-client-protobuf-1.20.0.jar;C:\Users\Stoyan.Dimitrov\.m2\repository\com\google\http-client\google-http-client-jackson\1.20.0\google-http-client-jackson-1.20.0.jar;C:\Users\Stoyan.Dimitrov\.m2\repository\org\codehaus\jackson\jackson-core-asl\1.9.11\jackson-core-asl-1.9.11.jar;C:\Users\Stoyan.Dimitrov\.m2\repository\io\grpc\grpc-core\1.13.1\grpc-core-1.13.1.jar;C:\Users\Stoyan.Dimitrov\.m2\repository\io\grpc\grpc-context\1.13.1\grpc-context-1.13.1.jar;C:\Users\Stoyan.Dimitrov\.m2\repository\com\google\code\gson\gson\2.8.5\gson-2.8.5.jar;C:\Users\Stoyan.Dimitrov\.m2\repository\com\google\errorprone\error_prone_annotations\2.1.2\error_prone_annotations-2.1.2.jar;C:\Users\Stoyan.Dimitrov\.m2\repository\io\opencensus\opencensus-contrib-grpc-metrics\0.12.3\opencensus-contrib-grpc-metrics-0.12.3.jar;C:\Users\Stoyan.Dimitrov\.m2\repository\org\projectlombok\lombok\1.18.2\lombok-1.18.2.jar;"/>
    <property name="sun.cpu.endian" value="little"/>
    <property name="user.home" value="C:\Users\Stoyan.Dimitrov"/>
    <property name="user.language" value="en"/>
    <property name="java.specification.vendor" value="Oracle Corporation"/>
    <property name="java.home" value="C:\Program Files\Java\jdk1.8.0_191\jre"/>
    <property name="basedir" value="C:\Users\Stoyan.Dimitrov\Projects\Peakwork\peakwork\peakwork"/>
    <property name="file.separator" value="\"/>
    <property name="line.separator" value="&#10;"/>
    <property name="java.vm.specification.vendor" value="Oracle Corporation"/>
    <property name="java.specification.name" value="Java Platform API Specification"/>
    <property name="java.awt.graphicsenv" value="sun.awt.Win32GraphicsEnvironment"/>
    <property name="surefire.real.class.path" value="C:\Users\STOYAN~1.DIM\AppData\Local\Temp\surefire702902580775617446\surefirebooter8677899786582572917.jar"/>
    <property name="sun.boot.class.path" value="C:\Program Files\Java\jdk1.8.0_191\jre\lib\resources.jar;C:\Program Files\Java\jdk1.8.0_191\jre\lib\rt.jar;C:\Program Files\Java\jdk1.8.0_191\jre\lib\sunrsasign.jar;C:\Program Files\Java\jdk1.8.0_191\jre\lib\jsse.jar;C:\Program Files\Java\jdk1.8.0_191\jre\lib\jce.jar;C:\Program Files\Java\jdk1.8.0_191\jre\lib\charsets.jar;C:\Program Files\Java\jdk1.8.0_191\jre\lib\jfr.jar;C:\Program Files\Java\jdk1.8.0_191\jre\classes"/>
    <property name="user.script" value=""/>
    <property name="sun.management.compiler" value="HotSpot 64-Bit Tiered Compilers"/>
    <property name="java.runtime.version" value="1.8.0_191-b12"/>
    <property name="user.name" value="Stoyan.Dimitrov"/>
    <property name="path.separator" value=";"/>
    <property name="os.version" value="10.0"/>
    <property name="java.endorsed.dirs" value="C:\Program Files\Java\jdk1.8.0_191\jre\lib\endorsed"/>
    <property name="java.runtime.name" value="Java(TM) SE Runtime Environment"/>
    <property name="file.encoding" value="Cp1251"/>
    <property name="java.vm.name" value="Java HotSpot(TM) 64-Bit Server VM"/>
    <property name="localRepository" value="C:\Users\Stoyan.Dimitrov\.m2\repository"/>
    <property name="java.vendor.url.bug" value="http://bugreport.sun.com/bugreport/"/>
    <property name="java.io.tmpdir" value="C:\Users\STOYAN~1.DIM\AppData\Local\Temp\"/>
    <property name="java.version" value="1.8.0_191"/>
    <property name="user.dir" value="C:\Users\Stoyan.Dimitrov\Projects\Peakwork\peakwork\peakwork"/>
    <property name="os.arch" value="amd64"/>
    <property name="java.vm.specification.name" value="Java Virtual Machine Specification"/>
    <property name="java.awt.printerjob" value="sun.awt.windows.WPrinterJob"/>
    <property name="user.language.format" value="bg"/>
    <property name="sun.os.patch.level" value=""/>
    <property name="java.library.path" value="C:\Program Files\Java\jdk1.8.0_191\jre\bin;C:\WINDOWS\Sun\Java\bin;C:\WINDOWS\system32;C:\WINDOWS;C:\Program Files\Java\jdk1.8.0_191\bin;C:\Program Files (x86)\Intel\iCLS Client\;C:\Program Files\Intel\iCLS Client\;C:\WINDOWS\system32;C:\WINDOWS;C:\WINDOWS\System32\Wbem;C:\WINDOWS\System32\WindowsPowerShell\v1.0\;C:\Program Files (x86)\Intel\Intel(R) Management Engine Components\DAL;C:\Program Files\Intel\Intel(R) Management Engine Components\DAL;C:\Program Files (x86)\Intel\Intel(R) Management Engine Components\IPT;C:\Program Files\Intel\Intel(R) Management Engine Components\IPT;C:\Program Files\Intel\WiFi\bin\;C:\Program Files\Common Files\Intel\WirelessCommon\;C:\Users\Stoyan.Dimitrov\Tools\apache-maven-3.6.0\bin;C:\Users\Stoyan.Dimitrov\AppData\Local\Microsoft\WindowsApps;;."/>
    <property name="java.vm.info" value="mixed mode"/>
    <property name="java.vendor" value="Oracle Corporation"/>
    <property name="java.vm.version" value="25.191-b12"/>
    <property name="java.ext.dirs" value="C:\Program Files\Java\jdk1.8.0_191\jre\lib\ext;C:\WINDOWS\Sun\Java\lib\ext"/>
    <property name="sun.io.unicode.encoding" value="UnicodeLittle"/>
    <property name="java.class.version" value="52.0"/>
  </properties>
  <testcase name="contextLoads" classname="org.bulpros.peakwork.PeakworkApplicationTests" time="0.113"/>
</testsuite>